\BOOKMARK [0][-]{chapter*.1}{Acknowledgments}{}% 1
\BOOKMARK [0][-]{chapter*.2}{Abstract}{}% 2
\BOOKMARK [0][-]{tocmark.0}{Contents}{}% 3
\BOOKMARK [0][-]{chapter.1}{Introduction}{}% 4
\BOOKMARK [1][-]{section.1.1}{Motivation}{chapter.1}% 5
\BOOKMARK [1][-]{section.1.2}{Thesis Outline}{chapter.1}% 6
\BOOKMARK [1][-]{section.1.3}{Contribution}{chapter.1}% 7
\BOOKMARK [-1][-]{part.1}{I Deep Declarative Network: Multiple Constrained Declarative Nodes}{}% 8
\BOOKMARK [0][-]{chapter.2}{An Overview of Numerical Optimization}{part.1}% 9
\BOOKMARK [1][-]{section.2.1}{Theory of Optimization}{chapter.2}% 10
\BOOKMARK [2][-]{subsection.2.1.1}{Existence of Optimizers}{section.2.1}% 11
\BOOKMARK [2][-]{subsection.2.1.2}{Optimality Conditions for Unconstrained Problems}{section.2.1}% 12
\BOOKMARK [2][-]{subsection.2.1.3}{Optimality Conditions for Constrained Problems}{section.2.1}% 13
\BOOKMARK [2][-]{subsection.2.1.4}{Duality}{section.2.1}% 14
\BOOKMARK [1][-]{section.2.2}{Unconstrained and Constrained Optimization}{chapter.2}% 15
\BOOKMARK [2][-]{subsection.2.2.1}{Unconstrained Optimization}{section.2.2}% 16
\BOOKMARK [2][-]{subsection.2.2.2}{Equality Constrained Optimization}{section.2.2}% 17
\BOOKMARK [2][-]{subsection.2.2.3}{Inequality Constrained Optimization}{section.2.2}% 18
\BOOKMARK [1][-]{section.2.3}{Bi-level Optimization}{chapter.2}% 19
\BOOKMARK [1][-]{section.2.4}{Summary}{chapter.2}% 20
\BOOKMARK [0][-]{chapter.3}{Deep Declarative Network}{part.1}% 21
\BOOKMARK [1][-]{section.3.1}{Notation}{chapter.3}% 22
\BOOKMARK [1][-]{section.3.2}{An Overview of Deep Declarative Network}{chapter.3}% 23
\BOOKMARK [2][-]{subsection.3.2.1}{Structure}{section.3.2}% 24
\BOOKMARK [2][-]{subsection.3.2.2}{Declarative Nodes}{section.3.2}% 25
\BOOKMARK [1][-]{section.3.3}{Learning}{chapter.3}% 26
\BOOKMARK [1][-]{section.3.4}{Back-propagation Through Declarative Nodes}{chapter.3}% 27
\BOOKMARK [2][-]{subsection.3.4.1}{Unconstrained}{section.3.4}% 28
\BOOKMARK [2][-]{subsection.3.4.2}{Equality Constrained}{section.3.4}% 29
\BOOKMARK [2][-]{subsection.3.4.3}{Inequatlity Constrained}{section.3.4}% 30
\BOOKMARK [1][-]{section.3.5}{Experiments}{chapter.3}% 31
\BOOKMARK [2][-]{subsection.3.5.1}{Platform}{section.3.5}% 32
\BOOKMARK [2][-]{subsection.3.5.2}{Implementation Details}{section.3.5}% 33
\BOOKMARK [2][-]{subsection.3.5.3}{Experimental Results}{section.3.5}% 34
\BOOKMARK [2][-]{subsection.3.5.4}{Analysis: Is the Gradient Always Converged?}{section.3.5}% 35
\BOOKMARK [1][-]{section.3.6}{Summary}{chapter.3}% 36
\BOOKMARK [0][-]{chapter.4}{The Future of Declarative Nodes}{part.1}% 37
\BOOKMARK [1][-]{section.4.1}{Summary}{chapter.4}% 38
\BOOKMARK [-1][-]{part.2}{II Deep Declarative Network: Non-regular Solution}{}% 39
\BOOKMARK [0][-]{chapter.5}{Solution of Deep Declarative Nodes}{part.2}% 40
\BOOKMARK [1][-]{section.5.1}{Software platform}{chapter.5}% 41
\BOOKMARK [1][-]{section.5.2}{Hardware platform}{chapter.5}% 42
\BOOKMARK [0][-]{chapter.6}{Results}{part.2}% 43
\BOOKMARK [1][-]{section.6.1}{Direct Cost}{chapter.6}% 44
\BOOKMARK [1][-]{section.6.2}{Summary}{chapter.6}% 45
\BOOKMARK [0][-]{chapter.7}{Conclusion}{part.2}% 46
\BOOKMARK [1][-]{section.7.1}{Future Work}{chapter.7}% 47
